app/build/intermediates/manifest_merge_blame_file/release/manifest-merger-blame-release-report.txt
1<?xml version="1.0" encoding="utf-8"?>
2<manifest xmlns:android="http://schemas.android.com/apk/res/android"
3    package="com.example.cities"
4    android:versionCode="1"
5    android:versionName="1.0" >
6
7    <uses-sdk
8        android:minSdkVersion="16"
8-->src/main/AndroidManifest.xml
9        android:targetSdkVersion="29" />
9-->src/main/AndroidManifest.xml
10
11    <application
11-->src/main/AndroidManifest.xml:5:5-20:19
12        android:name="com.example.cities.ApplicationStartUp"
12-->src/main/AndroidManifest.xml:11:9-43
13        android:allowBackup="true"
13-->src/main/AndroidManifest.xml:6:9-35
14        android:appComponentFactory="androidx.core.app.CoreComponentFactory"
14-->[androidx.core:core:1.1.0] AndroidManifest.xml:24:18-86
15        android:icon="@mipmap/ic_launcher"
15-->src/main/AndroidManifest.xml:7:9-43
16        android:label="@string/app_name"
16-->src/main/AndroidManifest.xml:8:9-41
17        android:roundIcon="@mipmap/ic_launcher_round"
17-->src/main/AndroidManifest.xml:9:9-54
18        android:supportsRtl="true"
18-->src/main/AndroidManifest.xml:10:9-35
19        android:theme="@style/AppTheme" >
19-->src/main/AndroidManifest.xml:12:9-40
20        <activity android:name="com.example.cities.view.CountryListActivity" >
20-->src/main/AndroidManifest.xml:13:9-19:20
20-->src/main/AndroidManifest.xml:13:19-59
21            <intent-filter>
21-->src/main/AndroidManifest.xml:14:13-18:29
22                <action android:name="android.intent.action.MAIN" />
22-->src/main/AndroidManifest.xml:15:17-69
22-->src/main/AndroidManifest.xml:15:25-66
23
24                <category android:name="android.intent.category.LAUNCHER" />
24-->src/main/AndroidManifest.xml:17:17-77
24-->src/main/AndroidManifest.xml:17:27-74
25            </intent-filter>
26        </activity>
27
28        <provider
28-->[androidx.lifecycle:lifecycle-process:2.0.0] AndroidManifest.xml:23:9-27:43
29            android:name="androidx.lifecycle.ProcessLifecycleOwnerInitializer"
29-->[androidx.lifecycle:lifecycle-process:2.0.0] AndroidManifest.xml:24:13-79
30            android:authorities="com.example.cities.lifecycle-process"
30-->[androidx.lifecycle:lifecycle-process:2.0.0] AndroidManifest.xml:25:13-69
31            android:exported="false"
31-->[androidx.lifecycle:lifecycle-process:2.0.0] AndroidManifest.xml:26:13-37
32            android:multiprocess="true" />
32-->[androidx.lifecycle:lifecycle-process:2.0.0] AndroidManifest.xml:27:13-40
33    </application>
34
35</manifest>